# JRE version: OpenJDK Runtime Environment (21.0.8) (build 21.0.8+-14018985-b1038.68)
# Java VM: OpenJDK 64-Bit Server VM (21.0.8+-14018985-b1038.68, mixed mode, tiered, compressed oops, compressed class ptrs, g1 gc, windows-amd64)
GC Precious Log:
 CardTable entry size: 512
 Card Set container configuration: InlinePtr #cards 5 size 8 Array Of Cards #cards 12 size 40 Howl #buckets 4 coarsen threshold 1843 Howl Bitmap #cards 512 size 80 coarsen threshold 460 Card regions per heap region 1 cards per card region 2048
 CPUs: 4 total, 4 available
 Memory: 8025M
 Large Page Support: Disabled
 NUMA Support: Disabled
 Compressed Oops: Enabled (32-bit)
 Heap Region Size: 1M
 Heap Min Capacity: 8M
 Heap Initial Capacity: 126M
 Heap Max Capacity: 2G
 Pre-touch: Disabled
 Parallel Workers: 4
 Concurrent Workers: 1
 Concurrent Refinement Workers: 4
 Periodic GC: Disabled
Heap:
 garbage-first heap   total 357376K, used 240681K [0x0000000080000000, 0x0000000100000000)
  region size 1024K, 38 young (38912K), 4 survivors (4096K)
 Metaspace       used 210679K, committed 213504K, reserved 1245184K
  class space    used 27576K, committed 28928K, reserved 1048576K
GC Heap History (20 events):
Event: 72.106 GC heap before
{Heap before GC invocations=51 (full 0):
 garbage-first heap   total 317440K, used 291543K [0x0000000080000000, 0x0000000100000000)
  region size 1024K, 103 young (105472K), 9 survivors (9216K)
 Metaspace       used 167045K, committed 169536K, reserved 1245184K
  class space    used 21742K, committed 22912K, reserved 1048576K
}
Event: 72.128 GC heap after
{Heap after GC invocations=52 (full 0):
 garbage-first heap   total 317440K, used 200123K [0x0000000080000000, 0x0000000100000000)
  region size 1024K, 13 young (13312K), 13 survivors (13312K)
 Metaspace       used 167045K, committed 169536K, reserved 1245184K
  class space    used 21742K, committed 22912K, reserved 1048576K
}
Event: 75.105 GC heap before
{Heap before GC invocations=52 (full 0):
 garbage-first heap   total 317440K, used 263611K [0x0000000080000000, 0x0000000100000000)
  region size 1024K, 76 young (77824K), 13 survivors (13312K)
 Metaspace       used 172284K, committed 174848K, reserved 1245184K
  class space    used 22368K, committed 23616K, reserved 1048576K
}
Event: 75.130 GC heap after
{Heap after GC invocations=53 (full 0):
 garbage-first heap   total 317440K, used 205800K [0x0000000080000000, 0x0000000100000000)
  region size 1024K, 5 young (5120K), 5 survivors (5120K)
 Metaspace       used 172284K, committed 174848K, reserved 1245184K
  class space    used 22368K, committed 23616K, reserved 1048576K
}
Event: 78.162 GC heap before
{Heap before GC invocations=54 (full 0):
 garbage-first heap   total 345088K, used 291816K [0x0000000080000000, 0x0000000100000000)
  region size 1024K, 89 young (91136K), 5 survivors (5120K)
 Metaspace       used 178735K, committed 181376K, reserved 1245184K
  class space    used 23426K, committed 24704K, reserved 1048576K
}
Event: 78.173 GC heap after
{Heap after GC invocations=55 (full 0):
 garbage-first heap   total 345088K, used 201998K [0x0000000080000000, 0x0000000100000000)
  region size 1024K, 9 young (9216K), 9 survivors (9216K)
 Metaspace       used 178735K, committed 181376K, reserved 1245184K
  class space    used 23426K, committed 24704K, reserved 1048576K
}
Event: 82.168 GC heap before
{Heap before GC invocations=55 (full 0):
 garbage-first heap   total 345088K, used 319758K [0x0000000080000000, 0x0000000100000000)
  region size 1024K, 118 young (120832K), 9 survivors (9216K)
 Metaspace       used 185888K, committed 188544K, reserved 1245184K
  class space    used 24270K, committed 25536K, reserved 1048576K
}
Event: 82.193 GC heap after
{Heap after GC invocations=56 (full 0):
 garbage-first heap   total 345088K, used 211801K [0x0000000080000000, 0x0000000100000000)
  region size 1024K, 15 young (15360K), 15 survivors (15360K)
 Metaspace       used 185888K, committed 188544K, reserved 1245184K
  class space    used 24270K, committed 25536K, reserved 1048576K
}
Event: 85.143 GC heap before
{Heap before GC invocations=56 (full 0):
 garbage-first heap   total 345088K, used 311129K [0x0000000080000000, 0x0000000100000000)
  region size 1024K, 112 young (114688K), 15 survivors (15360K)
 Metaspace       used 185891K, committed 188544K, reserved 1245184K
  class space    used 24270K, committed 25536K, reserved 1048576K
}
Event: 85.174 GC heap after
{Heap after GC invocations=57 (full 0):
 garbage-first heap   total 345088K, used 215040K [0x0000000080000000, 0x0000000100000000)
  region size 1024K, 7 young (7168K), 7 survivors (7168K)
 Metaspace       used 185891K, committed 188544K, reserved 1245184K
  class space    used 24270K, committed 25536K, reserved 1048576K
}
Event: 88.874 GC heap before
{Heap before GC invocations=57 (full 0):
 garbage-first heap   total 345088K, used 277504K [0x0000000080000000, 0x0000000100000000)
  region size 1024K, 69 young (70656K), 7 survivors (7168K)
 Metaspace       used 186199K, committed 188864K, reserved 1245184K
  class space    used 24293K, committed 25600K, reserved 1048576K
}
Event: 88.886 GC heap after
{Heap after GC invocations=58 (full 0):
 garbage-first heap   total 345088K, used 216843K [0x0000000080000000, 0x0000000100000000)
  region size 1024K, 9 young (9216K), 9 survivors (9216K)
 Metaspace       used 186199K, committed 188864K, reserved 1245184K
  class space    used 24293K, committed 25600K, reserved 1048576K
}
Event: 98.706 GC heap before
{Heap before GC invocations=59 (full 0):
 garbage-first heap   total 357376K, used 315147K [0x0000000080000000, 0x0000000100000000)
  region size 1024K, 106 young (108544K), 9 survivors (9216K)
 Metaspace       used 195563K, committed 198208K, reserved 1245184K
  class space    used 25555K, committed 26816K, reserved 1048576K
}
Event: 98.731 GC heap after
{Heap after GC invocations=60 (full 0):
 garbage-first heap   total 357376K, used 210658K [0x0000000080000000, 0x0000000100000000)
  region size 1024K, 9 young (9216K), 9 survivors (9216K)
 Metaspace       used 195563K, committed 198208K, reserved 1245184K
  class space    used 25555K, committed 26816K, reserved 1048576K
}
Event: 109.866 GC heap before
{Heap before GC invocations=60 (full 0):
 garbage-first heap   total 357376K, used 329442K [0x0000000080000000, 0x0000000100000000)
  region size 1024K, 123 young (125952K), 9 survivors (9216K)
 Metaspace       used 201363K, committed 204032K, reserved 1245184K
  class space    used 26379K, committed 27648K, reserved 1048576K
}
Event: 109.893 GC heap after
{Heap after GC invocations=61 (full 0):
 garbage-first heap   total 357376K, used 211364K [0x0000000080000000, 0x0000000100000000)
  region size 1024K, 10 young (10240K), 10 survivors (10240K)
 Metaspace       used 201363K, committed 204032K, reserved 1245184K
  class space    used 26379K, committed 27648K, reserved 1048576K
}
Event: 112.944 GC heap before
{Heap before GC invocations=61 (full 0):
 garbage-first heap   total 357376K, used 328100K [0x0000000080000000, 0x0000000100000000)
  region size 1024K, 124 young (126976K), 10 survivors (10240K)
 Metaspace       used 201383K, committed 204096K, reserved 1245184K
  class space    used 26381K, committed 27648K, reserved 1048576K
}
Event: 112.971 GC heap after
{Heap after GC invocations=62 (full 0):
 garbage-first heap   total 357376K, used 212441K [0x0000000080000000, 0x0000000100000000)
  region size 1024K, 6 young (6144K), 6 survivors (6144K)
 Metaspace       used 201383K, committed 204096K, reserved 1245184K
  class space    used 26381K, committed 27648K, reserved 1048576K
}
Event: 115.687 GC heap before
{Heap before GC invocations=63 (full 0):
 garbage-first heap   total 357376K, used 332249K [0x0000000080000000, 0x0000000100000000)
  region size 1024K, 123 young (125952K), 6 survivors (6144K)
 Metaspace       used 204124K, committed 206848K, reserved 1245184K
  class space    used 26718K, committed 28032K, reserved 1048576K
}
Event: 115.696 GC heap after
{Heap after GC invocations=64 (full 0):
 garbage-first heap   total 357376K, used 207913K [0x0000000080000000, 0x0000000100000000)
  region size 1024K, 4 young (4096K), 4 survivors (4096K)
 Metaspace       used 204124K, committed 206848K, reserved 1245184K
  class space    used 26718K, committed 28032K, reserved 1048576K
}

