# JRE version: OpenJDK Runtime Environment (21.0.8) (build 21.0.8+-14018985-b1038.68)
# Java VM: OpenJDK 64-Bit Server VM (21.0.8+-14018985-b1038.68, mixed mode, tiered, compressed oops, compressed class ptrs, g1 gc, windows-amd64)
GC Precious Log:
 CardTable entry size: 512
 Card Set container configuration: InlinePtr #cards 5 size 8 Array Of Cards #cards 12 size 40 Howl #buckets 4 coarsen threshold 1843 Howl Bitmap #cards 512 size 80 coarsen threshold 460 Card regions per heap region 1 cards per card region 2048
 CPUs: 4 total, 4 available
 Memory: 8025M
 Large Page Support: Disabled
 NUMA Support: Disabled
 Compressed Oops: Enabled (32-bit)
 Heap Region Size: 1M
 Heap Min Capacity: 8M
 Heap Initial Capacity: 126M
 Heap Max Capacity: 2G
 Pre-touch: Disabled
 Parallel Workers: 4
 Concurrent Workers: 1
 Concurrent Refinement Workers: 4
 Periodic GC: Disabled
Heap:
 garbage-first heap   total 125952K, used 76426K [0x0000000080000000, 0x0000000100000000)
  region size 1024K, 6 young (6144K), 3 survivors (3072K)
 Metaspace       used 87434K, committed 89344K, reserved 1179648K
  class space    used 12068K, committed 12992K, reserved 1048576K
GC Heap History (20 events):
Event: 14.841 GC heap before
{Heap before GC invocations=22 (full 0):
 garbage-first heap   total 97280K, used 86425K [0x0000000080000000, 0x0000000100000000)
  region size 1024K, 46 young (47104K), 4 survivors (4096K)
 Metaspace       used 71828K, committed 73600K, reserved 1114112K
  class space    used 10198K, committed 11072K, reserved 1048576K
}
Event: 14.853 GC heap after
{Heap after GC invocations=23 (full 0):
 garbage-first heap   total 97280K, used 46726K [0x0000000080000000, 0x0000000100000000)
  region size 1024K, 6 young (6144K), 6 survivors (6144K)
 Metaspace       used 71828K, committed 73600K, reserved 1114112K
  class space    used 10198K, committed 11072K, reserved 1048576K
}
Event: 15.819 GC heap before
{Heap before GC invocations=23 (full 0):
 garbage-first heap   total 97280K, used 83590K [0x0000000080000000, 0x0000000100000000)
  region size 1024K, 43 young (44032K), 6 survivors (6144K)
 Metaspace       used 72477K, committed 74240K, reserved 1114112K
  class space    used 10222K, committed 11072K, reserved 1048576K
}
Event: 15.834 GC heap after
{Heap after GC invocations=24 (full 0):
 garbage-first heap   total 97280K, used 50235K [0x0000000080000000, 0x0000000100000000)
  region size 1024K, 5 young (5120K), 5 survivors (5120K)
 Metaspace       used 72477K, committed 74240K, reserved 1114112K
  class space    used 10222K, committed 11072K, reserved 1048576K
}
Event: 16.599 GC heap before
{Heap before GC invocations=25 (full 0):
 garbage-first heap   total 97280K, used 84027K [0x0000000080000000, 0x0000000100000000)
  region size 1024K, 39 young (39936K), 5 survivors (5120K)
 Metaspace       used 72735K, committed 74496K, reserved 1114112K
  class space    used 10222K, committed 11072K, reserved 1048576K
}
Event: 16.615 GC heap after
{Heap after GC invocations=26 (full 0):
 garbage-first heap   total 97280K, used 50965K [0x0000000080000000, 0x0000000100000000)
  region size 1024K, 3 young (3072K), 3 survivors (3072K)
 Metaspace       used 72735K, committed 74496K, reserved 1114112K
  class space    used 10222K, committed 11072K, reserved 1048576K
}
Event: 17.152 GC heap before
{Heap before GC invocations=26 (full 0):
 garbage-first heap   total 97280K, used 86805K [0x0000000080000000, 0x0000000100000000)
  region size 1024K, 39 young (39936K), 3 survivors (3072K)
 Metaspace       used 72785K, committed 74560K, reserved 1114112K
  class space    used 10223K, committed 11072K, reserved 1048576K
}
Event: 17.159 GC heap after
{Heap after GC invocations=27 (full 0):
 garbage-first heap   total 97280K, used 51449K [0x0000000080000000, 0x0000000100000000)
  region size 1024K, 3 young (3072K), 3 survivors (3072K)
 Metaspace       used 72785K, committed 74560K, reserved 1114112K
  class space    used 10223K, committed 11072K, reserved 1048576K
}
Event: 17.808 GC heap before
{Heap before GC invocations=27 (full 0):
 garbage-first heap   total 97280K, used 86265K [0x0000000080000000, 0x0000000100000000)
  region size 1024K, 38 young (38912K), 3 survivors (3072K)
 Metaspace       used 73033K, committed 74816K, reserved 1114112K
  class space    used 10258K, committed 11136K, reserved 1048576K
}
Event: 17.818 GC heap after
{Heap after GC invocations=28 (full 0):
 garbage-first heap   total 97280K, used 53360K [0x0000000080000000, 0x0000000100000000)
  region size 1024K, 4 young (4096K), 4 survivors (4096K)
 Metaspace       used 73033K, committed 74816K, reserved 1114112K
  class space    used 10258K, committed 11136K, reserved 1048576K
}
Event: 18.737 GC heap before
{Heap before GC invocations=29 (full 0):
 garbage-first heap   total 97280K, used 92272K [0x0000000080000000, 0x0000000100000000)
  region size 1024K, 36 young (36864K), 4 survivors (4096K)
 Metaspace       used 74425K, committed 76288K, reserved 1114112K
  class space    used 10419K, committed 11328K, reserved 1048576K
}
Event: 18.748 GC heap after
{Heap after GC invocations=30 (full 0):
 garbage-first heap   total 104448K, used 65998K [0x0000000080000000, 0x0000000100000000)
  region size 1024K, 5 young (5120K), 5 survivors (5120K)
 Metaspace       used 74425K, committed 76288K, reserved 1114112K
  class space    used 10419K, committed 11328K, reserved 1048576K
}
Event: 19.334 GC heap before
{Heap before GC invocations=30 (full 0):
 garbage-first heap   total 104448K, used 90574K [0x0000000080000000, 0x0000000100000000)
  region size 1024K, 30 young (30720K), 5 survivors (5120K)
 Metaspace       used 76671K, committed 78464K, reserved 1179648K
  class space    used 10710K, committed 11584K, reserved 1048576K
}
Event: 19.341 GC heap after
{Heap after GC invocations=31 (full 0):
 garbage-first heap   total 104448K, used 67210K [0x0000000080000000, 0x0000000100000000)
  region size 1024K, 2 young (2048K), 2 survivors (2048K)
 Metaspace       used 76671K, committed 78464K, reserved 1179648K
  class space    used 10710K, committed 11584K, reserved 1048576K
}
Event: 20.038 GC heap before
{Heap before GC invocations=31 (full 0):
 garbage-first heap   total 104448K, used 92810K [0x0000000080000000, 0x0000000100000000)
  region size 1024K, 27 young (27648K), 2 survivors (2048K)
 Metaspace       used 79619K, committed 81472K, reserved 1179648K
  class space    used 11010K, committed 11904K, reserved 1048576K
}
Event: 20.042 GC heap after
{Heap after GC invocations=32 (full 0):
 garbage-first heap   total 125952K, used 67331K [0x0000000080000000, 0x0000000100000000)
  region size 1024K, 2 young (2048K), 2 survivors (2048K)
 Metaspace       used 79619K, committed 81472K, reserved 1179648K
  class space    used 11010K, committed 11904K, reserved 1048576K
}
Event: 21.207 GC heap before
{Heap before GC invocations=33 (full 0):
 garbage-first heap   total 125952K, used 113411K [0x0000000080000000, 0x0000000100000000)
  region size 1024K, 47 young (48128K), 2 survivors (2048K)
 Metaspace       used 84914K, committed 86848K, reserved 1179648K
  class space    used 11719K, committed 12672K, reserved 1048576K
}
Event: 21.215 GC heap after
{Heap after GC invocations=34 (full 0):
 garbage-first heap   total 125952K, used 72146K [0x0000000080000000, 0x0000000100000000)
  region size 1024K, 6 young (6144K), 6 survivors (6144K)
 Metaspace       used 84914K, committed 86848K, reserved 1179648K
  class space    used 11719K, committed 12672K, reserved 1048576K
}
Event: 21.938 GC heap before
{Heap before GC invocations=34 (full 0):
 garbage-first heap   total 125952K, used 115154K [0x0000000080000000, 0x0000000100000000)
  region size 1024K, 44 young (45056K), 6 survivors (6144K)
 Metaspace       used 87247K, committed 89152K, reserved 1179648K
  class space    used 12046K, committed 12992K, reserved 1048576K
}
Event: 21.949 GC heap after
{Heap after GC invocations=35 (full 0):
 garbage-first heap   total 125952K, used 74378K [0x0000000080000000, 0x0000000100000000)
  region size 1024K, 3 young (3072K), 3 survivors (3072K)
 Metaspace       used 87247K, committed 89152K, reserved 1179648K
  class space    used 12046K, committed 12992K, reserved 1048576K
}

