# JRE version: OpenJDK Runtime Environment (21.0.8) (build 21.0.8+-14018985-b1038.68)
# Java VM: OpenJDK 64-Bit Server VM (21.0.8+-14018985-b1038.68, mixed mode, tiered, compressed oops, compressed class ptrs, g1 gc, windows-amd64)
GC Precious Log:
 CardTable entry size: 512
 Card Set container configuration: InlinePtr #cards 5 size 8 Array Of Cards #cards 12 size 40 Howl #buckets 4 coarsen threshold 1843 Howl Bitmap #cards 512 size 80 coarsen threshold 460 Card regions per heap region 1 cards per card region 2048
 CPUs: 4 total, 4 available
 Memory: 8025M
 Large Page Support: Disabled
 NUMA Support: Disabled
 Compressed Oops: Enabled (32-bit)
 Heap Region Size: 1M
 Heap Min Capacity: 8M
 Heap Initial Capacity: 126M
 Heap Max Capacity: 2G
 Pre-touch: Disabled
 Parallel Workers: 4
 Concurrent Workers: 1
 Concurrent Refinement Workers: 4
 Periodic GC: Disabled
Heap:
 garbage-first heap   total 71680K, used 44338K [0x0000000080000000, 0x0000000100000000)
  region size 1024K, 3 young (3072K), 3 survivors (3072K)
 Metaspace       used 69129K, committed 70720K, reserved 1114112K
  class space    used 9785K, committed 10560K, reserved 1048576K
GC Heap History (20 events):
Event: 10.474 GC heap after
{Heap after GC invocations=11 (full 0):
 garbage-first heap   total 71680K, used 31707K [0x0000000080000000, 0x0000000100000000)
  region size 1024K, 3 young (3072K), 3 survivors (3072K)
 Metaspace       used 44855K, committed 45824K, reserved 1114112K
  class space    used 6154K, committed 6592K, reserved 1048576K
}
Event: 10.538 GC heap before
{Heap before GC invocations=11 (full 0):
 garbage-first heap   total 71680K, used 37851K [0x0000000080000000, 0x0000000100000000)
  region size 1024K, 7 young (7168K), 3 survivors (3072K)
 Metaspace       used 45096K, committed 46080K, reserved 1114112K
  class space    used 6173K, committed 6656K, reserved 1048576K
}
Event: 10.542 GC heap after
{Heap after GC invocations=12 (full 0):
 garbage-first heap   total 71680K, used 33826K [0x0000000080000000, 0x0000000100000000)
  region size 1024K, 1 young (1024K), 1 survivors (1024K)
 Metaspace       used 45096K, committed 46080K, reserved 1114112K
  class space    used 6173K, committed 6656K, reserved 1048576K
}
Event: 11.281 GC heap before
{Heap before GC invocations=13 (full 0):
 garbage-first heap   total 71680K, used 63522K [0x0000000080000000, 0x0000000100000000)
  region size 1024K, 28 young (28672K), 1 survivors (1024K)
 Metaspace       used 49014K, committed 50112K, reserved 1114112K
  class space    used 6713K, committed 7232K, reserved 1048576K
}
Event: 11.287 GC heap after
{Heap after GC invocations=14 (full 0):
 garbage-first heap   total 71680K, used 33807K [0x0000000080000000, 0x0000000100000000)
  region size 1024K, 3 young (3072K), 3 survivors (3072K)
 Metaspace       used 49014K, committed 50112K, reserved 1114112K
  class space    used 6713K, committed 7232K, reserved 1048576K
}
Event: 12.439 GC heap before
{Heap before GC invocations=14 (full 0):
 garbage-first heap   total 71680K, used 60431K [0x0000000080000000, 0x0000000100000000)
  region size 1024K, 30 young (30720K), 3 survivors (3072K)
 Metaspace       used 52435K, committed 53760K, reserved 1114112K
  class space    used 7287K, committed 7936K, reserved 1048576K
}
Event: 12.448 GC heap after
{Heap after GC invocations=15 (full 0):
 garbage-first heap   total 71680K, used 34972K [0x0000000080000000, 0x0000000100000000)
  region size 1024K, 4 young (4096K), 4 survivors (4096K)
 Metaspace       used 52435K, committed 53760K, reserved 1114112K
  class space    used 7287K, committed 7936K, reserved 1048576K
}
Event: 13.080 GC heap before
{Heap before GC invocations=15 (full 0):
 garbage-first heap   total 71680K, used 61596K [0x0000000080000000, 0x0000000100000000)
  region size 1024K, 31 young (31744K), 4 survivors (4096K)
 Metaspace       used 55590K, committed 56960K, reserved 1114112K
  class space    used 7815K, committed 8448K, reserved 1048576K
}
Event: 13.091 GC heap after
{Heap after GC invocations=16 (full 0):
 garbage-first heap   total 71680K, used 37681K [0x0000000080000000, 0x0000000100000000)
  region size 1024K, 4 young (4096K), 4 survivors (4096K)
 Metaspace       used 55590K, committed 56960K, reserved 1114112K
  class space    used 7815K, committed 8448K, reserved 1048576K
}
Event: 13.514 GC heap before
{Heap before GC invocations=16 (full 0):
 garbage-first heap   total 71680K, used 52017K [0x0000000080000000, 0x0000000100000000)
  region size 1024K, 19 young (19456K), 4 survivors (4096K)
 Metaspace       used 56881K, committed 58432K, reserved 1114112K
  class space    used 8003K, committed 8768K, reserved 1048576K
}
Event: 13.523 GC heap after
{Heap after GC invocations=17 (full 0):
 garbage-first heap   total 71680K, used 40508K [0x0000000080000000, 0x0000000100000000)
  region size 1024K, 3 young (3072K), 3 survivors (3072K)
 Metaspace       used 56881K, committed 58432K, reserved 1114112K
  class space    used 8003K, committed 8768K, reserved 1048576K
}
Event: 13.680 GC heap before
{Heap before GC invocations=18 (full 0):
 garbage-first heap   total 71680K, used 65084K [0x0000000080000000, 0x0000000100000000)
  region size 1024K, 25 young (25600K), 3 survivors (3072K)
 Metaspace       used 57890K, committed 59392K, reserved 1114112K
  class space    used 8044K, committed 8768K, reserved 1048576K
}
Event: 13.684 GC heap after
{Heap after GC invocations=19 (full 0):
 garbage-first heap   total 71680K, used 40579K [0x0000000080000000, 0x0000000100000000)
  region size 1024K, 1 young (1024K), 1 survivors (1024K)
 Metaspace       used 57890K, committed 59392K, reserved 1114112K
  class space    used 8044K, committed 8768K, reserved 1048576K
}
Event: 14.155 GC heap before
{Heap before GC invocations=19 (full 0):
 garbage-first heap   total 71680K, used 63107K [0x0000000080000000, 0x0000000100000000)
  region size 1024K, 23 young (23552K), 1 survivors (1024K)
 Metaspace       used 60288K, committed 61888K, reserved 1114112K
  class space    used 8424K, committed 9216K, reserved 1048576K
}
Event: 14.159 GC heap after
{Heap after GC invocations=20 (full 0):
 garbage-first heap   total 71680K, used 41439K [0x0000000080000000, 0x0000000100000000)
  region size 1024K, 2 young (2048K), 2 survivors (2048K)
 Metaspace       used 60288K, committed 61888K, reserved 1114112K
  class space    used 8424K, committed 9216K, reserved 1048576K
}
Event: 14.670 GC heap before
{Heap before GC invocations=20 (full 0):
 garbage-first heap   total 71680K, used 64991K [0x0000000080000000, 0x0000000100000000)
  region size 1024K, 25 young (25600K), 2 survivors (2048K)
 Metaspace       used 63574K, committed 65152K, reserved 1114112K
  class space    used 8901K, committed 9664K, reserved 1048576K
}
Event: 14.675 GC heap after
{Heap after GC invocations=21 (full 0):
 garbage-first heap   total 71680K, used 42355K [0x0000000080000000, 0x0000000100000000)
  region size 1024K, 3 young (3072K), 3 survivors (3072K)
 Metaspace       used 63574K, committed 65152K, reserved 1114112K
  class space    used 8901K, committed 9664K, reserved 1048576K
}
Event: 15.163 GC heap before
{Heap before GC invocations=22 (full 0):
 garbage-first heap   total 71680K, used 63859K [0x0000000080000000, 0x0000000100000000)
  region size 1024K, 24 young (24576K), 3 survivors (3072K)
 Metaspace       used 66525K, committed 68096K, reserved 1114112K
  class space    used 9361K, committed 10112K, reserved 1048576K
}
Event: 15.170 GC heap after
{Heap after GC invocations=23 (full 0):
 garbage-first heap   total 71680K, used 43937K [0x0000000080000000, 0x0000000100000000)
  region size 1024K, 3 young (3072K), 3 survivors (3072K)
 Metaspace       used 66525K, committed 68096K, reserved 1114112K
  class space    used 9361K, committed 10112K, reserved 1048576K
}
Event: 15.668 GC heap before
{Heap before GC invocations=23 (full 0):
 garbage-first heap   total 71680K, used 63393K [0x0000000080000000, 0x0000000100000000)
  region size 1024K, 22 young (22528K), 3 survivors (3072K)
 Metaspace       used 69129K, committed 70720K, reserved 1114112K
  class space    used 9785K, committed 10560K, reserved 1048576K
}

