# JRE version: OpenJDK Runtime Environment (21.0.8) (build 21.0.8+-14018985-b1038.68)
# Java VM: OpenJDK 64-Bit Server VM (21.0.8+-14018985-b1038.68, mixed mode, tiered, compressed oops, compressed class ptrs, g1 gc, windows-amd64)
GC Precious Log:
 CardTable entry size: 512
 Card Set container configuration: InlinePtr #cards 5 size 8 Array Of Cards #cards 12 size 40 Howl #buckets 4 coarsen threshold 1843 Howl Bitmap #cards 512 size 80 coarsen threshold 460 Card regions per heap region 1 cards per card region 2048
 CPUs: 4 total, 4 available
 Memory: 8025M
 Large Page Support: Disabled
 NUMA Support: Disabled
 Compressed Oops: Enabled (32-bit)
 Heap Region Size: 1M
 Heap Min Capacity: 8M
 Heap Initial Capacity: 126M
 Heap Max Capacity: 2G
 Pre-touch: Disabled
 Parallel Workers: 4
 Concurrent Workers: 1
 Concurrent Refinement Workers: 4
 Periodic GC: Disabled
Heap:
 garbage-first heap   total 164864K, used 91941K [0x0000000080000000, 0x0000000100000000)
  region size 1024K, 11 young (11264K), 8 survivors (8192K)
 Metaspace       used 109148K, committed 111296K, reserved 1179648K
  class space    used 15302K, committed 16384K, reserved 1048576K
GC Heap History (20 events):
Event: 18.943 GC heap before
{Heap before GC invocations=31 (full 0):
 garbage-first heap   total 124928K, used 116630K [0x0000000080000000, 0x0000000100000000)
  region size 1024K, 60 young (61440K), 3 survivors (3072K)
 Metaspace       used 76077K, committed 77888K, reserved 1179648K
  class space    used 10641K, committed 11520K, reserved 1048576K
}
Event: 18.954 GC heap after
{Heap after GC invocations=32 (full 0):
 garbage-first heap   total 129024K, used 66406K [0x0000000080000000, 0x0000000100000000)
  region size 1024K, 8 young (8192K), 8 survivors (8192K)
 Metaspace       used 76077K, committed 77888K, reserved 1179648K
  class space    used 10641K, committed 11520K, reserved 1048576K
}
Event: 19.912 GC heap before
{Heap before GC invocations=32 (full 0):
 garbage-first heap   total 129024K, used 113510K [0x0000000080000000, 0x0000000100000000)
  region size 1024K, 54 young (55296K), 8 survivors (8192K)
 Metaspace       used 81267K, committed 83008K, reserved 1179648K
  class space    used 11166K, committed 12032K, reserved 1048576K
}
Event: 19.921 GC heap after
{Heap after GC invocations=33 (full 0):
 garbage-first heap   total 129024K, used 68764K [0x0000000080000000, 0x0000000100000000)
  region size 1024K, 2 young (2048K), 2 survivors (2048K)
 Metaspace       used 81267K, committed 83008K, reserved 1179648K
  class space    used 11166K, committed 12032K, reserved 1048576K
}
Event: 20.738 GC heap before
{Heap before GC invocations=33 (full 0):
 garbage-first heap   total 129024K, used 96412K [0x0000000080000000, 0x0000000100000000)
  region size 1024K, 30 young (30720K), 2 survivors (2048K)
 Metaspace       used 84955K, committed 86784K, reserved 1179648K
  class space    used 11721K, committed 12608K, reserved 1048576K
}
Event: 20.744 GC heap after
{Heap after GC invocations=34 (full 0):
 garbage-first heap   total 129024K, used 70909K [0x0000000080000000, 0x0000000100000000)
  region size 1024K, 4 young (4096K), 4 survivors (4096K)
 Metaspace       used 84955K, committed 86784K, reserved 1179648K
  class space    used 11721K, committed 12608K, reserved 1048576K
}
Event: 21.895 GC heap before
{Heap before GC invocations=35 (full 0):
 garbage-first heap   total 129024K, used 121085K [0x0000000080000000, 0x0000000100000000)
  region size 1024K, 48 young (49152K), 4 survivors (4096K)
 Metaspace       used 87489K, committed 89344K, reserved 1179648K
  class space    used 12081K, committed 12992K, reserved 1048576K
}
Event: 21.906 GC heap after
{Heap after GC invocations=36 (full 0):
 garbage-first heap   total 129024K, used 75506K [0x0000000080000000, 0x0000000100000000)
  region size 1024K, 6 young (6144K), 6 survivors (6144K)
 Metaspace       used 87489K, committed 89344K, reserved 1179648K
  class space    used 12081K, committed 12992K, reserved 1048576K
}
Event: 23.176 GC heap before
{Heap before GC invocations=36 (full 0):
 garbage-first heap   total 129024K, used 115442K [0x0000000080000000, 0x0000000100000000)
  region size 1024K, 45 young (46080K), 6 survivors (6144K)
 Metaspace       used 90314K, committed 92224K, reserved 1179648K
  class space    used 12447K, committed 13376K, reserved 1048576K
}
Event: 23.191 GC heap after
{Heap after GC invocations=37 (full 0):
 garbage-first heap   total 129024K, used 79746K [0x0000000080000000, 0x0000000100000000)
  region size 1024K, 5 young (5120K), 5 survivors (5120K)
 Metaspace       used 90314K, committed 92224K, reserved 1179648K
  class space    used 12447K, committed 13376K, reserved 1048576K
}
Event: 23.794 GC heap before
{Heap before GC invocations=37 (full 0):
 garbage-first heap   total 129024K, used 115586K [0x0000000080000000, 0x0000000100000000)
  region size 1024K, 40 young (40960K), 5 survivors (5120K)
 Metaspace       used 92662K, committed 94592K, reserved 1179648K
  class space    used 12759K, committed 13696K, reserved 1048576K
}
Event: 23.803 GC heap after
{Heap after GC invocations=38 (full 0):
 garbage-first heap   total 129024K, used 80933K [0x0000000080000000, 0x0000000100000000)
  region size 1024K, 4 young (4096K), 4 survivors (4096K)
 Metaspace       used 92662K, committed 94592K, reserved 1179648K
  class space    used 12759K, committed 13696K, reserved 1048576K
}
Event: 24.600 GC heap before
{Heap before GC invocations=39 (full 0):
 garbage-first heap   total 137216K, used 116773K [0x0000000080000000, 0x0000000100000000)
  region size 1024K, 38 young (38912K), 4 survivors (4096K)
 Metaspace       used 95305K, committed 97344K, reserved 1179648K
  class space    used 13158K, committed 14144K, reserved 1048576K
}
Event: 24.611 GC heap after
{Heap after GC invocations=40 (full 0):
 garbage-first heap   total 137216K, used 82468K [0x0000000080000000, 0x0000000100000000)
  region size 1024K, 2 young (2048K), 2 survivors (2048K)
 Metaspace       used 95305K, committed 97344K, reserved 1179648K
  class space    used 13158K, committed 14144K, reserved 1048576K
}
Event: 25.838 GC heap before
{Heap before GC invocations=40 (full 0):
 garbage-first heap   total 137216K, used 125476K [0x0000000080000000, 0x0000000100000000)
  region size 1024K, 44 young (45056K), 2 survivors (2048K)
 Metaspace       used 98945K, committed 100928K, reserved 1179648K
  class space    used 13810K, committed 14784K, reserved 1048576K
}
Event: 25.849 GC heap after
{Heap after GC invocations=41 (full 0):
 garbage-first heap   total 164864K, used 82633K [0x0000000080000000, 0x0000000100000000)
  region size 1024K, 3 young (3072K), 3 survivors (3072K)
 Metaspace       used 98945K, committed 100928K, reserved 1179648K
  class space    used 13810K, committed 14784K, reserved 1048576K
}
Event: 27.587 GC heap before
{Heap before GC invocations=41 (full 0):
 garbage-first heap   total 164864K, used 144073K [0x0000000080000000, 0x0000000100000000)
  region size 1024K, 63 young (64512K), 3 survivors (3072K)
 Metaspace       used 103757K, committed 105856K, reserved 1179648K
  class space    used 14518K, committed 15552K, reserved 1048576K
}
Event: 27.598 GC heap after
{Heap after GC invocations=42 (full 0):
 garbage-first heap   total 164864K, used 86179K [0x0000000080000000, 0x0000000100000000)
  region size 1024K, 7 young (7168K), 7 survivors (7168K)
 Metaspace       used 103757K, committed 105856K, reserved 1179648K
  class space    used 14518K, committed 15552K, reserved 1048576K
}
Event: 28.861 GC heap before
{Heap before GC invocations=42 (full 0):
 garbage-first heap   total 164864K, used 146595K [0x0000000080000000, 0x0000000100000000)
  region size 1024K, 66 young (67584K), 7 survivors (7168K)
 Metaspace       used 108936K, committed 111040K, reserved 1179648K
  class space    used 15276K, committed 16320K, reserved 1048576K
}
Event: 28.877 GC heap after
{Heap after GC invocations=43 (full 0):
 garbage-first heap   total 164864K, used 89893K [0x0000000080000000, 0x0000000100000000)
  region size 1024K, 8 young (8192K), 8 survivors (8192K)
 Metaspace       used 108936K, committed 111040K, reserved 1179648K
  class space    used 15276K, committed 16320K, reserved 1048576K
}

