# JRE version: OpenJDK Runtime Environment (21.0.8) (build 21.0.8+-14018985-b1038.68)
# Java VM: OpenJDK 64-Bit Server VM (21.0.8+-14018985-b1038.68, mixed mode, tiered, compressed oops, compressed class ptrs, g1 gc, windows-amd64)
GC Precious Log:
 CardTable entry size: 512
 Card Set container configuration: InlinePtr #cards 5 size 8 Array Of Cards #cards 12 size 40 Howl #buckets 4 coarsen threshold 1843 Howl Bitmap #cards 512 size 80 coarsen threshold 460 Card regions per heap region 1 cards per card region 2048
 CPUs: 4 total, 4 available
 Memory: 8025M
 Large Page Support: Disabled
 NUMA Support: Disabled
 Compressed Oops: Enabled (32-bit)
 Heap Region Size: 1M
 Heap Min Capacity: 8M
 Heap Initial Capacity: 126M
 Heap Max Capacity: 2G
 Pre-touch: Disabled
 Parallel Workers: 4
 Concurrent Workers: 1
 Concurrent Refinement Workers: 4
 Periodic GC: Disabled
Heap:
 garbage-first heap   total 219136K, used 173000K [0x0000000080000000, 0x0000000100000000)
  region size 1024K, 41 young (41984K), 9 survivors (9216K)
 Metaspace       used 124337K, committed 126528K, reserved 1179648K
  class space    used 16783K, committed 17856K, reserved 1048576K
GC Heap History (20 events):
Event: 45.312 GC heap before
{Heap before GC invocations=47 (full 0):
 garbage-first heap   total 181248K, used 138240K [0x0000000080000000, 0x0000000100000000)
  region size 1024K, 36 young (36864K), 6 survivors (6144K)
 Metaspace       used 114093K, committed 116224K, reserved 1179648K
  class space    used 15803K, committed 16832K, reserved 1048576K
}
Event: 45.323 GC heap after
{Heap after GC invocations=48 (full 0):
 garbage-first heap   total 181248K, used 109568K [0x0000000080000000, 0x0000000100000000)
  region size 1024K, 3 young (3072K), 3 survivors (3072K)
 Metaspace       used 114093K, committed 116224K, reserved 1179648K
  class space    used 15803K, committed 16832K, reserved 1048576K
}
Event: 46.545 GC heap before
{Heap before GC invocations=48 (full 0):
 garbage-first heap   total 181248K, used 162816K [0x0000000080000000, 0x0000000100000000)
  region size 1024K, 56 young (57344K), 3 survivors (3072K)
 Metaspace       used 114491K, committed 116608K, reserved 1179648K
  class space    used 15885K, committed 16896K, reserved 1048576K
}
Event: 46.557 GC heap after
{Heap after GC invocations=49 (full 0):
 garbage-first heap   total 218112K, used 110345K [0x0000000080000000, 0x0000000100000000)
  region size 1024K, 6 young (6144K), 6 survivors (6144K)
 Metaspace       used 114491K, committed 116608K, reserved 1179648K
  class space    used 15885K, committed 16896K, reserved 1048576K
}
Event: 49.204 GC heap before
{Heap before GC invocations=49 (full 0):
 garbage-first heap   total 218112K, used 191241K [0x0000000080000000, 0x0000000100000000)
  region size 1024K, 86 young (88064K), 6 survivors (6144K)
 Metaspace       used 114714K, committed 116864K, reserved 1179648K
  class space    used 15912K, committed 16960K, reserved 1048576K
}
Event: 49.228 GC heap after
{Heap after GC invocations=50 (full 0):
 garbage-first heap   total 218112K, used 113280K [0x0000000080000000, 0x0000000100000000)
  region size 1024K, 9 young (9216K), 9 survivors (9216K)
 Metaspace       used 114714K, committed 116864K, reserved 1179648K
  class space    used 15912K, committed 16960K, reserved 1048576K
}
Event: 51.121 GC heap before
{Heap before GC invocations=50 (full 0):
 garbage-first heap   total 218112K, used 194176K [0x0000000080000000, 0x0000000100000000)
  region size 1024K, 89 young (91136K), 9 survivors (9216K)
 Metaspace       used 114957K, committed 117120K, reserved 1179648K
  class space    used 15948K, committed 16960K, reserved 1048576K
}
Event: 51.144 GC heap after
{Heap after GC invocations=51 (full 0):
 garbage-first heap   total 218112K, used 115556K [0x0000000080000000, 0x0000000100000000)
  region size 1024K, 8 young (8192K), 8 survivors (8192K)
 Metaspace       used 114957K, committed 117120K, reserved 1179648K
  class space    used 15948K, committed 16960K, reserved 1048576K
}
Event: 53.485 GC heap before
{Heap before GC invocations=51 (full 0):
 garbage-first heap   total 218112K, used 195428K [0x0000000080000000, 0x0000000100000000)
  region size 1024K, 87 young (89088K), 8 survivors (8192K)
 Metaspace       used 115074K, committed 117312K, reserved 1179648K
  class space    used 15957K, committed 17024K, reserved 1048576K
}
Event: 53.501 GC heap after
{Heap after GC invocations=52 (full 0):
 garbage-first heap   total 218112K, used 119257K [0x0000000080000000, 0x0000000100000000)
  region size 1024K, 8 young (8192K), 8 survivors (8192K)
 Metaspace       used 115074K, committed 117312K, reserved 1179648K
  class space    used 15957K, committed 17024K, reserved 1048576K
}
Event: 55.215 GC heap before
{Heap before GC invocations=53 (full 0):
 garbage-first heap   total 218112K, used 196057K [0x0000000080000000, 0x0000000100000000)
  region size 1024K, 84 young (86016K), 8 survivors (8192K)
 Metaspace       used 117713K, committed 119936K, reserved 1179648K
  class space    used 16274K, committed 17344K, reserved 1048576K
}
Event: 55.231 GC heap after
{Heap after GC invocations=54 (full 0):
 garbage-first heap   total 218112K, used 121330K [0x0000000080000000, 0x0000000100000000)
  region size 1024K, 8 young (8192K), 8 survivors (8192K)
 Metaspace       used 117713K, committed 119936K, reserved 1179648K
  class space    used 16274K, committed 17344K, reserved 1048576K
}
Event: 203.458 GC heap before
{Heap before GC invocations=54 (full 0):
 garbage-first heap   total 218112K, used 195058K [0x0000000080000000, 0x0000000100000000)
  region size 1024K, 81 young (82944K), 8 survivors (8192K)
 Metaspace       used 123366K, committed 125632K, reserved 1179648K
  class space    used 16772K, committed 17856K, reserved 1048576K
}
Event: 203.583 GC heap after
{Heap after GC invocations=55 (full 0):
 garbage-first heap   total 218112K, used 121168K [0x0000000080000000, 0x0000000100000000)
  region size 1024K, 6 young (6144K), 6 survivors (6144K)
 Metaspace       used 123366K, committed 125632K, reserved 1179648K
  class space    used 16772K, committed 17856K, reserved 1048576K
}
Event: 208.267 GC heap before
{Heap before GC invocations=55 (full 0):
 garbage-first heap   total 218112K, used 197968K [0x0000000080000000, 0x0000000100000000)
  region size 1024K, 82 young (83968K), 6 survivors (6144K)
 Metaspace       used 123824K, committed 126016K, reserved 1179648K
  class space    used 16776K, committed 17856K, reserved 1048576K
}
Event: 208.315 GC heap after
{Heap after GC invocations=56 (full 0):
 garbage-first heap   total 218112K, used 130795K [0x0000000080000000, 0x0000000100000000)
  region size 1024K, 11 young (11264K), 11 survivors (11264K)
 Metaspace       used 123824K, committed 126016K, reserved 1179648K
  class space    used 16776K, committed 17856K, reserved 1048576K
}
Event: 244.105 GC heap before
{Heap before GC invocations=57 (full 0):
 garbage-first heap   total 219136K, used 193259K [0x0000000080000000, 0x0000000100000000)
  region size 1024K, 73 young (74752K), 11 survivors (11264K)
 Metaspace       used 124034K, committed 126272K, reserved 1179648K
  class space    used 16779K, committed 17856K, reserved 1048576K
}
Event: 244.187 GC heap after
{Heap after GC invocations=58 (full 0):
 garbage-first heap   total 219136K, used 134545K [0x0000000080000000, 0x0000000100000000)
  region size 1024K, 4 young (4096K), 4 survivors (4096K)
 Metaspace       used 124034K, committed 126272K, reserved 1179648K
  class space    used 16779K, committed 17856K, reserved 1048576K
}
Event: 246.592 GC heap before
{Heap before GC invocations=58 (full 0):
 garbage-first heap   total 219136K, used 201105K [0x0000000080000000, 0x0000000100000000)
  region size 1024K, 70 young (71680K), 4 survivors (4096K)
 Metaspace       used 124282K, committed 126528K, reserved 1179648K
  class space    used 16783K, committed 17856K, reserved 1048576K
}
Event: 246.636 GC heap after
{Heap after GC invocations=59 (full 0):
 garbage-first heap   total 219136K, used 141256K [0x0000000080000000, 0x0000000100000000)
  region size 1024K, 9 young (9216K), 9 survivors (9216K)
 Metaspace       used 124282K, committed 126528K, reserved 1179648K
  class space    used 16783K, committed 17856K, reserved 1048576K
}

