# JRE version: OpenJDK Runtime Environment (21.0.8) (build 21.0.8+-14018985-b1038.68)
# Java VM: OpenJDK 64-Bit Server VM (21.0.8+-14018985-b1038.68, mixed mode, tiered, compressed oops, compressed class ptrs, g1 gc, windows-amd64)
GC Precious Log:
 CardTable entry size: 512
 Card Set container configuration: InlinePtr #cards 5 size 8 Array Of Cards #cards 12 size 40 Howl #buckets 4 coarsen threshold 1843 Howl Bitmap #cards 512 size 80 coarsen threshold 460 Card regions per heap region 1 cards per card region 2048
 CPUs: 4 total, 4 available
 Memory: 8025M
 Large Page Support: Disabled
 NUMA Support: Disabled
 Compressed Oops: Enabled (32-bit)
 Heap Region Size: 1M
 Heap Min Capacity: 8M
 Heap Initial Capacity: 126M
 Heap Max Capacity: 2G
 Pre-touch: Disabled
 Parallel Workers: 4
 Concurrent Workers: 1
 Concurrent Refinement Workers: 4
 Periodic GC: Disabled
Heap:
 garbage-first heap   total 71680K, used 50158K [0x0000000080000000, 0x0000000100000000)
  region size 1024K, 26 young (26624K), 1 survivors (1024K)
 Metaspace       used 39125K, committed 40000K, reserved 1114112K
  class space    used 5531K, committed 5952K, reserved 1048576K
GC Heap History (14 events):
Event: 0.552 GC heap before
{Heap before GC invocations=0 (full 0):
 garbage-first heap   total 129024K, used 13312K [0x0000000080000000, 0x0000000100000000)
  region size 1024K, 13 young (13312K), 0 survivors (0K)
 Metaspace       used 7490K, committed 7616K, reserved 1114112K
  class space    used 701K, committed 768K, reserved 1048576K
}
Event: 0.557 GC heap after
{Heap after GC invocations=1 (full 0):
 garbage-first heap   total 129024K, used 1322K [0x0000000080000000, 0x0000000100000000)
  region size 1024K, 2 young (2048K), 2 survivors (2048K)
 Metaspace       used 7490K, committed 7616K, reserved 1114112K
  class space    used 701K, committed 768K, reserved 1048576K
}
Event: 1.385 GC heap before
{Heap before GC invocations=1 (full 0):
 garbage-first heap   total 129024K, used 28970K [0x0000000080000000, 0x0000000100000000)
  region size 1024K, 27 young (27648K), 2 survivors (2048K)
 Metaspace       used 11323K, committed 11456K, reserved 1114112K
  class space    used 1230K, committed 1280K, reserved 1048576K
}
Event: 1.393 GC heap after
{Heap after GC invocations=2 (full 0):
 garbage-first heap   total 129024K, used 10622K [0x0000000080000000, 0x0000000100000000)
  region size 1024K, 4 young (4096K), 4 survivors (4096K)
 Metaspace       used 11323K, committed 11456K, reserved 1114112K
  class space    used 1230K, committed 1280K, reserved 1048576K
}
Event: 2.966 GC heap before
{Heap before GC invocations=2 (full 0):
 garbage-first heap   total 129024K, used 84350K [0x0000000080000000, 0x0000000100000000)
  region size 1024K, 75 young (76800K), 4 survivors (4096K)
 Metaspace       used 16275K, committed 16576K, reserved 1114112K
  class space    used 1882K, committed 1984K, reserved 1048576K
}
Event: 2.975 GC heap after
{Heap after GC invocations=3 (full 0):
 garbage-first heap   total 129024K, used 18156K [0x0000000080000000, 0x0000000100000000)
  region size 1024K, 10 young (10240K), 10 survivors (10240K)
 Metaspace       used 16275K, committed 16576K, reserved 1114112K
  class space    used 1882K, committed 1984K, reserved 1048576K
}
Event: 4.003 GC heap before
{Heap before GC invocations=3 (full 0):
 garbage-first heap   total 129024K, used 36588K [0x0000000080000000, 0x0000000100000000)
  region size 1024K, 29 young (29696K), 10 survivors (10240K)
 Metaspace       used 21206K, committed 21504K, reserved 1114112K
  class space    used 2535K, committed 2688K, reserved 1048576K
}
Event: 4.016 GC heap after
{Heap after GC invocations=4 (full 0):
 garbage-first heap   total 129024K, used 20584K [0x0000000080000000, 0x0000000100000000)
  region size 1024K, 3 young (3072K), 3 survivors (3072K)
 Metaspace       used 21206K, committed 21504K, reserved 1114112K
  class space    used 2535K, committed 2688K, reserved 1048576K
}
Event: 5.118 GC heap before
{Heap before GC invocations=5 (full 0):
 garbage-first heap   total 71680K, used 60520K [0x0000000080000000, 0x0000000100000000)
  region size 1024K, 42 young (43008K), 3 survivors (3072K)
 Metaspace       used 28042K, committed 28544K, reserved 1114112K
  class space    used 3621K, committed 3840K, reserved 1048576K
}
Event: 5.125 GC heap after
{Heap after GC invocations=6 (full 0):
 garbage-first heap   total 71680K, used 22473K [0x0000000080000000, 0x0000000100000000)
  region size 1024K, 5 young (5120K), 5 survivors (5120K)
 Metaspace       used 28042K, committed 28544K, reserved 1114112K
  class space    used 3621K, committed 3840K, reserved 1048576K
}
Event: 6.945 GC heap before
{Heap before GC invocations=6 (full 0):
 garbage-first heap   total 71680K, used 58313K [0x0000000080000000, 0x0000000100000000)
  region size 1024K, 40 young (40960K), 5 survivors (5120K)
 Metaspace       used 32678K, committed 33472K, reserved 1114112K
  class space    used 4454K, committed 4800K, reserved 1048576K
}
Event: 6.959 GC heap after
{Heap after GC invocations=7 (full 0):
 garbage-first heap   total 71680K, used 24938K [0x0000000080000000, 0x0000000100000000)
  region size 1024K, 5 young (5120K), 5 survivors (5120K)
 Metaspace       used 32678K, committed 33472K, reserved 1114112K
  class space    used 4454K, committed 4800K, reserved 1048576K
}
Event: 7.282 GC heap before
{Heap before GC invocations=7 (full 0):
 garbage-first heap   total 71680K, used 41322K [0x0000000080000000, 0x0000000100000000)
  region size 1024K, 22 young (22528K), 5 survivors (5120K)
 Metaspace       used 35214K, committed 35968K, reserved 1114112K
  class space    used 4881K, committed 5248K, reserved 1048576K
}
Event: 7.293 GC heap after
{Heap after GC invocations=8 (full 0):
 garbage-first heap   total 71680K, used 25582K [0x0000000080000000, 0x0000000100000000)
  region size 1024K, 1 young (1024K), 1 survivors (1024K)
 Metaspace       used 35214K, committed 35968K, reserved 1114112K
  class space    used 4881K, committed 5248K, reserved 1048576K
}

