# JRE version: OpenJDK Runtime Environment (21.0.8) (build 21.0.8+-14018985-b1038.68)
# Java VM: OpenJDK 64-Bit Server VM (21.0.8+-14018985-b1038.68, mixed mode, tiered, compressed oops, compressed class ptrs, g1 gc, windows-amd64)
GC Precious Log:
 CardTable entry size: 512
 Card Set container configuration: InlinePtr #cards 5 size 8 Array Of Cards #cards 12 size 40 Howl #buckets 4 coarsen threshold 1843 Howl Bitmap #cards 512 size 80 coarsen threshold 460 Card regions per heap region 1 cards per card region 2048
 CPUs: 4 total, 4 available
 Memory: 8025M
 Large Page Support: Disabled
 NUMA Support: Disabled
 Compressed Oops: Enabled (32-bit)
 Heap Region Size: 1M
 Heap Min Capacity: 8M
 Heap Initial Capacity: 126M
 Heap Max Capacity: 2G
 Pre-touch: Disabled
 Parallel Workers: 4
 Concurrent Workers: 1
 Concurrent Refinement Workers: 4
 Periodic GC: Disabled
Heap:
 garbage-first heap   total 143360K, used 122821K [0x0000000080000000, 0x0000000100000000)
  region size 1024K, 44 young (45056K), 6 survivors (6144K)
 Metaspace       used 107593K, committed 109760K, reserved 1179648K
  class space    used 15097K, committed 16192K, reserved 1048576K
GC Heap History (20 events):
Event: 68.490 GC heap before
{Heap before GC invocations=36 (full 0):
 garbage-first heap   total 109568K, used 96554K [0x0000000080000000, 0x0000000100000000)
  region size 1024K, 35 young (35840K), 5 survivors (5120K)
 Metaspace       used 78853K, committed 80704K, reserved 1179648K
  class space    used 10918K, committed 11840K, reserved 1048576K
}
Event: 68.493 GC heap after
{Heap after GC invocations=37 (full 0):
 garbage-first heap   total 109568K, used 67133K [0x0000000080000000, 0x0000000100000000)
  region size 1024K, 1 young (1024K), 1 survivors (1024K)
 Metaspace       used 78853K, committed 80704K, reserved 1179648K
  class space    used 10918K, committed 11840K, reserved 1048576K
}
Event: 70.445 GC heap before
{Heap before GC invocations=38 (full 0):
 garbage-first heap   total 112640K, used 97853K [0x0000000080000000, 0x0000000100000000)
  region size 1024K, 32 young (32768K), 1 survivors (1024K)
 Metaspace       used 82098K, committed 83840K, reserved 1179648K
  class space    used 11295K, committed 12160K, reserved 1048576K
}
Event: 70.450 GC heap after
{Heap after GC invocations=39 (full 0):
 garbage-first heap   total 112640K, used 68023K [0x0000000080000000, 0x0000000100000000)
  region size 1024K, 2 young (2048K), 2 survivors (2048K)
 Metaspace       used 82098K, committed 83840K, reserved 1179648K
  class space    used 11295K, committed 12160K, reserved 1048576K
}
Event: 72.423 GC heap before
{Heap before GC invocations=39 (full 0):
 garbage-first heap   total 112640K, used 107959K [0x0000000080000000, 0x0000000100000000)
  region size 1024K, 36 young (36864K), 2 survivors (2048K)
 Metaspace       used 85184K, committed 87104K, reserved 1179648K
  class space    used 11762K, committed 12672K, reserved 1048576K
}
Event: 72.435 GC heap after
{Heap after GC invocations=40 (full 0):
 garbage-first heap   total 116736K, used 73027K [0x0000000080000000, 0x0000000100000000)
  region size 1024K, 5 young (5120K), 5 survivors (5120K)
 Metaspace       used 85184K, committed 87104K, reserved 1179648K
  class space    used 11762K, committed 12672K, reserved 1048576K
}
Event: 74.059 GC heap before
{Heap before GC invocations=40 (full 0):
 garbage-first heap   total 116736K, used 103747K [0x0000000080000000, 0x0000000100000000)
  region size 1024K, 35 young (35840K), 5 survivors (5120K)
 Metaspace       used 87586K, committed 89472K, reserved 1179648K
  class space    used 12079K, committed 12992K, reserved 1048576K
}
Event: 74.068 GC heap after
{Heap after GC invocations=41 (full 0):
 garbage-first heap   total 116736K, used 75172K [0x0000000080000000, 0x0000000100000000)
  region size 1024K, 2 young (2048K), 2 survivors (2048K)
 Metaspace       used 87586K, committed 89472K, reserved 1179648K
  class space    used 12079K, committed 12992K, reserved 1048576K
}
Event: 76.146 GC heap before
{Heap before GC invocations=42 (full 0):
 garbage-first heap   total 126976K, used 106916K [0x0000000080000000, 0x0000000100000000)
  region size 1024K, 33 young (33792K), 2 survivors (2048K)
 Metaspace       used 90321K, committed 92224K, reserved 1179648K
  class space    used 12442K, committed 13376K, reserved 1048576K
}
Event: 76.152 GC heap after
{Heap after GC invocations=43 (full 0):
 garbage-first heap   total 126976K, used 76610K [0x0000000080000000, 0x0000000100000000)
  region size 1024K, 4 young (4096K), 4 survivors (4096K)
 Metaspace       used 90321K, committed 92224K, reserved 1179648K
  class space    used 12442K, committed 13376K, reserved 1048576K
}
Event: 78.529 GC heap before
{Heap before GC invocations=43 (full 0):
 garbage-first heap   total 126976K, used 114498K [0x0000000080000000, 0x0000000100000000)
  region size 1024K, 41 young (41984K), 4 survivors (4096K)
 Metaspace       used 92354K, committed 94272K, reserved 1179648K
  class space    used 12692K, committed 13632K, reserved 1048576K
}
Event: 78.543 GC heap after
{Heap after GC invocations=44 (full 0):
 garbage-first heap   total 126976K, used 78848K [0x0000000080000000, 0x0000000100000000)
  region size 1024K, 6 young (6144K), 6 survivors (6144K)
 Metaspace       used 92354K, committed 94272K, reserved 1179648K
  class space    used 12692K, committed 13632K, reserved 1048576K
}
Event: 79.817 GC heap before
{Heap before GC invocations=44 (full 0):
 garbage-first heap   total 126976K, used 104448K [0x0000000080000000, 0x0000000100000000)
  region size 1024K, 32 young (32768K), 6 survivors (6144K)
 Metaspace       used 94297K, committed 96256K, reserved 1179648K
  class space    used 12983K, committed 13952K, reserved 1048576K
}
Event: 79.828 GC heap after
{Heap after GC invocations=45 (full 0):
 garbage-first heap   total 126976K, used 81114K [0x0000000080000000, 0x0000000100000000)
  region size 1024K, 2 young (2048K), 2 survivors (2048K)
 Metaspace       used 94297K, committed 96256K, reserved 1179648K
  class space    used 12983K, committed 13952K, reserved 1048576K
}
Event: 82.804 GC heap before
{Heap before GC invocations=46 (full 0):
 garbage-first heap   total 138240K, used 116954K [0x0000000080000000, 0x0000000100000000)
  region size 1024K, 36 young (36864K), 2 survivors (2048K)
 Metaspace       used 97100K, committed 99200K, reserved 1179648K
  class space    used 13481K, committed 14528K, reserved 1048576K
}
Event: 82.810 GC heap after
{Heap after GC invocations=47 (full 0):
 garbage-first heap   total 138240K, used 81475K [0x0000000080000000, 0x0000000100000000)
  region size 1024K, 3 young (3072K), 3 survivors (3072K)
 Metaspace       used 97100K, committed 99200K, reserved 1179648K
  class space    used 13481K, committed 14528K, reserved 1048576K
}
Event: 86.009 GC heap before
{Heap before GC invocations=47 (full 0):
 garbage-first heap   total 138240K, used 125507K [0x0000000080000000, 0x0000000100000000)
  region size 1024K, 46 young (47104K), 3 survivors (3072K)
 Metaspace       used 100602K, committed 102720K, reserved 1179648K
  class space    used 14035K, committed 15104K, reserved 1048576K
}
Event: 86.019 GC heap after
{Heap after GC invocations=48 (full 0):
 garbage-first heap   total 138240K, used 82621K [0x0000000080000000, 0x0000000100000000)
  region size 1024K, 5 young (5120K), 5 survivors (5120K)
 Metaspace       used 100602K, committed 102720K, reserved 1179648K
  class space    used 14035K, committed 15104K, reserved 1048576K
}
Event: 88.794 GC heap before
{Heap before GC invocations=48 (full 0):
 garbage-first heap   total 138240K, used 123581K [0x0000000080000000, 0x0000000100000000)
  region size 1024K, 45 young (46080K), 5 survivors (5120K)
 Metaspace       used 103915K, committed 106112K, reserved 1179648K
  class space    used 14523K, committed 15616K, reserved 1048576K
}
Event: 88.807 GC heap after
{Heap after GC invocations=49 (full 0):
 garbage-first heap   total 138240K, used 84933K [0x0000000080000000, 0x0000000100000000)
  region size 1024K, 6 young (6144K), 6 survivors (6144K)
 Metaspace       used 103915K, committed 106112K, reserved 1179648K
  class space    used 14523K, committed 15616K, reserved 1048576K
}

