# JRE version: OpenJDK Runtime Environment (21.0.8) (build 21.0.8+-14018985-b1038.68)
# Java VM: OpenJDK 64-Bit Server VM (21.0.8+-14018985-b1038.68, mixed mode, tiered, compressed oops, compressed class ptrs, g1 gc, windows-amd64)
GC Precious Log:
 CardTable entry size: 512
 Card Set container configuration: InlinePtr #cards 5 size 8 Array Of Cards #cards 12 size 40 Howl #buckets 4 coarsen threshold 1843 Howl Bitmap #cards 512 size 80 coarsen threshold 460 Card regions per heap region 1 cards per card region 2048
 CPUs: 4 total, 4 available
 Memory: 8025M
 Large Page Support: Disabled
 NUMA Support: Disabled
 Compressed Oops: Enabled (32-bit)
 Heap Region Size: 1M
 Heap Min Capacity: 8M
 Heap Initial Capacity: 126M
 Heap Max Capacity: 2G
 Pre-touch: Disabled
 Parallel Workers: 4
 Concurrent Workers: 1
 Concurrent Refinement Workers: 4
 Periodic GC: Disabled
Heap:
 garbage-first heap   total 201728K, used 158228K [0x0000000080000000, 0x0000000100000000)
  region size 1024K, 33 young (33792K), 6 survivors (6144K)
 Metaspace       used 123936K, committed 126144K, reserved 1179648K
  class space    used 16779K, committed 17856K, reserved 1048576K
GC Heap History (20 events):
Event: 54.119 GC heap before
{Heap before GC invocations=54 (full 0):
 garbage-first heap   total 182272K, used 161437K [0x0000000080000000, 0x0000000100000000)
  region size 1024K, 61 young (62464K), 8 survivors (8192K)
 Metaspace       used 114144K, committed 116224K, reserved 1179648K
  class space    used 15805K, committed 16832K, reserved 1048576K
}
Event: 54.133 GC heap after
{Heap after GC invocations=55 (full 0):
 garbage-first heap   total 182272K, used 110019K [0x0000000080000000, 0x0000000100000000)
  region size 1024K, 4 young (4096K), 4 survivors (4096K)
 Metaspace       used 114144K, committed 116224K, reserved 1179648K
  class space    used 15805K, committed 16832K, reserved 1048576K
}
Event: 55.512 GC heap before
{Heap before GC invocations=55 (full 0):
 garbage-first heap   total 182272K, used 164291K [0x0000000080000000, 0x0000000100000000)
  region size 1024K, 58 young (59392K), 4 survivors (4096K)
 Metaspace       used 114688K, committed 116864K, reserved 1179648K
  class space    used 15911K, committed 16960K, reserved 1048576K
}
Event: 55.523 GC heap after
{Heap after GC invocations=56 (full 0):
 garbage-first heap   total 182272K, used 112744K [0x0000000080000000, 0x0000000100000000)
  region size 1024K, 7 young (7168K), 7 survivors (7168K)
 Metaspace       used 114688K, committed 116864K, reserved 1179648K
  class space    used 15911K, committed 16960K, reserved 1048576K
}
Event: 56.716 GC heap before
{Heap before GC invocations=57 (full 0):
 garbage-first heap   total 189440K, used 162920K [0x0000000080000000, 0x0000000100000000)
  region size 1024K, 57 young (58368K), 7 survivors (7168K)
 Metaspace       used 114726K, committed 116864K, reserved 1179648K
  class space    used 15912K, committed 16960K, reserved 1048576K
}
Event: 56.728 GC heap after
{Heap after GC invocations=58 (full 0):
 garbage-first heap   total 189440K, used 114575K [0x0000000080000000, 0x0000000100000000)
  region size 1024K, 4 young (4096K), 4 survivors (4096K)
 Metaspace       used 114726K, committed 116864K, reserved 1179648K
  class space    used 15912K, committed 16960K, reserved 1048576K
}
Event: 57.694 GC heap before
{Heap before GC invocations=58 (full 0):
 garbage-first heap   total 189440K, used 172943K [0x0000000080000000, 0x0000000100000000)
  region size 1024K, 62 young (63488K), 4 survivors (4096K)
 Metaspace       used 114814K, committed 116928K, reserved 1179648K
  class space    used 15925K, committed 16960K, reserved 1048576K
}
Event: 57.706 GC heap after
{Heap after GC invocations=59 (full 0):
 garbage-first heap   total 189440K, used 114771K [0x0000000080000000, 0x0000000100000000)
  region size 1024K, 6 young (6144K), 6 survivors (6144K)
 Metaspace       used 114814K, committed 116928K, reserved 1179648K
  class space    used 15925K, committed 16960K, reserved 1048576K
}
Event: 59.055 GC heap before
{Heap before GC invocations=59 (full 0):
 garbage-first heap   total 189440K, used 171091K [0x0000000080000000, 0x0000000100000000)
  region size 1024K, 62 young (63488K), 6 survivors (6144K)
 Metaspace       used 115037K, committed 117248K, reserved 1179648K
  class space    used 15955K, committed 17024K, reserved 1048576K
}
Event: 59.069 GC heap after
{Heap after GC invocations=60 (full 0):
 garbage-first heap   total 189440K, used 116927K [0x0000000080000000, 0x0000000100000000)
  region size 1024K, 6 young (6144K), 6 survivors (6144K)
 Metaspace       used 115037K, committed 117248K, reserved 1179648K
  class space    used 15955K, committed 17024K, reserved 1048576K
}
Event: 60.564 GC heap before
{Heap before GC invocations=61 (full 0):
 garbage-first heap   total 196608K, used 170175K [0x0000000080000000, 0x0000000100000000)
  region size 1024K, 59 young (60416K), 6 survivors (6144K)
 Metaspace       used 115099K, committed 117312K, reserved 1179648K
  class space    used 15959K, committed 17024K, reserved 1048576K
}
Event: 60.576 GC heap after
{Heap after GC invocations=62 (full 0):
 garbage-first heap   total 196608K, used 119113K [0x0000000080000000, 0x0000000100000000)
  region size 1024K, 6 young (6144K), 6 survivors (6144K)
 Metaspace       used 115099K, committed 117312K, reserved 1179648K
  class space    used 15959K, committed 17024K, reserved 1048576K
}
Event: 61.710 GC heap before
{Heap before GC invocations=62 (full 0):
 garbage-first heap   total 196608K, used 177481K [0x0000000080000000, 0x0000000100000000)
  region size 1024K, 64 young (65536K), 6 survivors (6144K)
 Metaspace       used 115597K, committed 117888K, reserved 1179648K
  class space    used 16019K, committed 17152K, reserved 1048576K
}
Event: 61.728 GC heap after
{Heap after GC invocations=63 (full 0):
 garbage-first heap   total 196608K, used 120089K [0x0000000080000000, 0x0000000100000000)
  region size 1024K, 7 young (7168K), 7 survivors (7168K)
 Metaspace       used 115597K, committed 117888K, reserved 1179648K
  class space    used 16019K, committed 17152K, reserved 1048576K
}
Event: 78.830 GC heap before
{Heap before GC invocations=63 (full 0):
 garbage-first heap   total 196608K, used 176409K [0x0000000080000000, 0x0000000100000000)
  region size 1024K, 63 young (64512K), 7 survivors (7168K)
 Metaspace       used 123251K, committed 125504K, reserved 1179648K
  class space    used 16767K, committed 17856K, reserved 1048576K
}
Event: 78.847 GC heap after
{Heap after GC invocations=64 (full 0):
 garbage-first heap   total 196608K, used 120585K [0x0000000080000000, 0x0000000100000000)
  region size 1024K, 5 young (5120K), 5 survivors (5120K)
 Metaspace       used 123251K, committed 125504K, reserved 1179648K
  class space    used 16767K, committed 17856K, reserved 1048576K
}
Event: 81.027 GC heap before
{Heap before GC invocations=65 (full 0):
 garbage-first heap   total 201728K, used 179977K [0x0000000080000000, 0x0000000100000000)
  region size 1024K, 63 young (64512K), 5 survivors (5120K)
 Metaspace       used 123549K, committed 125760K, reserved 1179648K
  class space    used 16772K, committed 17856K, reserved 1048576K
}
Event: 81.046 GC heap after
{Heap after GC invocations=66 (full 0):
 garbage-first heap   total 201728K, used 127025K [0x0000000080000000, 0x0000000100000000)
  region size 1024K, 8 young (8192K), 8 survivors (8192K)
 Metaspace       used 123549K, committed 125760K, reserved 1179648K
  class space    used 16772K, committed 17856K, reserved 1048576K
}
Event: 83.453 GC heap before
{Heap before GC invocations=66 (full 0):
 garbage-first heap   total 201728K, used 181297K [0x0000000080000000, 0x0000000100000000)
  region size 1024K, 61 young (62464K), 8 survivors (8192K)
 Metaspace       used 123754K, committed 125952K, reserved 1179648K
  class space    used 16774K, committed 17856K, reserved 1048576K
}
Event: 83.496 GC heap after
{Heap after GC invocations=67 (full 0):
 garbage-first heap   total 201728K, used 131604K [0x0000000080000000, 0x0000000100000000)
  region size 1024K, 6 young (6144K), 6 survivors (6144K)
 Metaspace       used 123754K, committed 125952K, reserved 1179648K
  class space    used 16774K, committed 17856K, reserved 1048576K
}

